INFO: Found elm at /usr/local/bin/elm
INFO: Found elm 0.19.0
INFO: Found elm-format at /Users/jgr5198/.nvm/versions/node/v9.0.0/bin/elm-format
INFO: Found elm-format 0.8.0
INFO: Cleaning ./elm-stuff before upgrading
INFO: Converting elm-package.json -> elm.json
INFO: Detected an application project (this project has no exposed modules)
WARNING: eeue56/elm-html-test has not been upgraded to 0.19 yet!
INFO: Switching from elm-community/elm-test (deprecated) to elm-explorations/test
INFO: Installing latest version of elm-explorations/test
WARNING: elm-community/html-test-runner has not been upgraded to 0.19 yet!
INFO: Switching from elm-lang/core (deprecated) to elm/core
INFO: Installing latest version of elm/core
INFO: Detected use of elm-lang/core#Json.Decode; installing elm/json
INFO: Detected use of elm-lang/core#Random; installing elm/random
INFO: Switching from elm-lang/html (deprecated) to elm/html
INFO: Installing latest version of elm/html
INFO: Switching from elm-lang/http (deprecated) to elm/http
INFO: Installing latest version of elm/http
INFO: Switching from elm-lang/navigation (deprecated) to elm/browser
INFO: Installing latest version of elm/browser
INFO: Switching from elm-lang/navigation (deprecated) to elm/url
INFO: Installing latest version of elm/url
INFO: Switching from evancz/url-parser (deprecated) to elm/url
INFO: Installing latest version of elm/url
INFO: Installing latest version of marcosh/elm-html-to-unicode
WARNING: rogeriochaves/elm-testable has not been upgraded to 0.19 yet!
INFO: Upgrading *.elm files in ./


SUCCESS! Your project's dependencies and code have been upgraded.
However, your project may not yet compile due to API changes in your
dependencies.

See <https://github.com/elm/compiler/blob/master/upgrade-docs/0.19.md>
and the documentation for your dependencies for more information.

WARNING! 3 of your dependencies have not yet been upgraded to
support Elm 0.19.
  - https://github.com/eeue56/elm-html-test
  - https://github.com/elm-community/html-test-runner
  - https://github.com/rogeriochaves/elm-testable

Here are some common upgrade steps that you will need to do manually:

- elm/core
  - [ ] Replace uses of toString with String.fromInt, String.fromFloat, or Debug.toString as appropriate
- elm/html
  - [ ] If you used Html.program*, install elm/browser and switch to Browser.element or Browser.document
  - [ ] If you used Html.beginnerProgram, install elm/browser and switch Browser.sandbox
- elm/browser
  - [ ] Change code using Navigation.program* to use Browser.application
  - [ ] Use the Browser.Key passed to your init function in any calls to Browser.Navigation.pushUrl/replaceUrl/back/forward
- elm/url
  - [ ] Changes uses of Navigation.Location to Url.Url
  - [ ] Change code using UrlParser.* to use Url.Parser.*

